# build-tree --verbose=1 --max-leaves=2000 --cluster-thresh=-1 exp/tri1/treeacc data/lang/phones/roots.int exp/tri1/questions.qst data/lang/topo exp/tri1/tree 
# Started at Wed Sep 22 14:39:49 IST 2021
#
build-tree --verbose=1 --max-leaves=2000 --cluster-thresh=-1 exp/tri1/treeacc data/lang/phones/roots.int exp/tri1/questions.qst data/lang/topo exp/tri1/tree 
LOG (build-tree[5.5.971~1-07043]:main():build-tree.cc:104) Number of separate statistics is 137
LOG (build-tree[5.5.971~1-07043]:BuildTree():build-tree.cc:161) BuildTree: before building trees, map has 22 leaves.
LOG (build-tree[5.5.971~1-07043]:SplitDecisionTree():build-tree-utils.cc:577) DoDecisionTreeSplit: split 40 times, #leaves now 62
LOG (build-tree[5.5.971~1-07043]:BuildTree():build-tree.cc:187) Setting clustering threshold to smallest split 308.789
VLOG[1] (build-tree[5.5.971~1-07043]:BuildTree():build-tree.cc:196) After decision tree split, num-leaves = 62, like-impr = 4.66179 per frame over 4447 frames.
VLOG[1] (build-tree[5.5.971~1-07043]:BuildTree():build-tree.cc:200) Including just phones that were split, improvement is 4.66179 per frame over 4447 frames.
LOG (build-tree[5.5.971~1-07043]:BuildTree():build-tree.cc:215) BuildTree: removed 5 leaves.
VLOG[1] (build-tree[5.5.971~1-07043]:ClusterEventMapToNClustersRestrictedByMap():build-tree-utils.cc:914) Number of non-empty clusters in map = 21
VLOG[1] (build-tree[5.5.971~1-07043]:ClusterEventMapToNClustersRestrictedByMap():build-tree-utils.cc:915) Number of non-empty clusters = 56
LOG (build-tree[5.5.971~1-07043]:BuildTree():build-tree.cc:231) BuildTree: Rounded num leaves to multiple of 8 by removing 1 leaves.
VLOG[1] (build-tree[5.5.971~1-07043]:BuildTree():build-tree.cc:256) Objf change due to clustering -0.405498 per frame.
VLOG[1] (build-tree[5.5.971~1-07043]:BuildTree():build-tree.cc:259) Normalizing over only split phones, this is: -0.405498 per frame.
VLOG[1] (build-tree[5.5.971~1-07043]:BuildTree():build-tree.cc:262) Num-leaves is now 56
VLOG[1] (build-tree[5.5.971~1-07043]:main():build-tree.cc:143) For pdf-id 0, low count 27
VLOG[1] (build-tree[5.5.971~1-07043]:main():build-tree.cc:143) For pdf-id 1, low count 0
VLOG[1] (build-tree[5.5.971~1-07043]:main():build-tree.cc:143) For pdf-id 3, low count 49
VLOG[1] (build-tree[5.5.971~1-07043]:main():build-tree.cc:143) For pdf-id 5, low count 28
VLOG[1] (build-tree[5.5.971~1-07043]:main():build-tree.cc:143) For pdf-id 6, low count 94
VLOG[1] (build-tree[5.5.971~1-07043]:main():build-tree.cc:143) For pdf-id 7, low count 32
VLOG[1] (build-tree[5.5.971~1-07043]:main():build-tree.cc:143) For pdf-id 8, low count 76
VLOG[1] (build-tree[5.5.971~1-07043]:main():build-tree.cc:143) For pdf-id 9, low count 60
VLOG[1] (build-tree[5.5.971~1-07043]:main():build-tree.cc:143) For pdf-id 10, low count 82
VLOG[1] (build-tree[5.5.971~1-07043]:main():build-tree.cc:143) For pdf-id 11, low count 53
VLOG[1] (build-tree[5.5.971~1-07043]:main():build-tree.cc:143) For pdf-id 12, low count 38
VLOG[1] (build-tree[5.5.971~1-07043]:main():build-tree.cc:143) For pdf-id 13, low count 73
VLOG[1] (build-tree[5.5.971~1-07043]:main():build-tree.cc:143) For pdf-id 14, low count 85
VLOG[1] (build-tree[5.5.971~1-07043]:main():build-tree.cc:143) For pdf-id 17, low count 50
VLOG[1] (build-tree[5.5.971~1-07043]:main():build-tree.cc:143) For pdf-id 18, low count 71
VLOG[1] (build-tree[5.5.971~1-07043]:main():build-tree.cc:143) For pdf-id 19, low count 35
VLOG[1] (build-tree[5.5.971~1-07043]:main():build-tree.cc:143) For pdf-id 21, low count 93
VLOG[1] (build-tree[5.5.971~1-07043]:main():build-tree.cc:143) For pdf-id 22, low count 59
VLOG[1] (build-tree[5.5.971~1-07043]:main():build-tree.cc:143) For pdf-id 25, low count 89
VLOG[1] (build-tree[5.5.971~1-07043]:main():build-tree.cc:143) For pdf-id 26, low count 40
VLOG[1] (build-tree[5.5.971~1-07043]:main():build-tree.cc:143) For pdf-id 29, low count 81
VLOG[1] (build-tree[5.5.971~1-07043]:main():build-tree.cc:143) For pdf-id 30, low count 55
VLOG[1] (build-tree[5.5.971~1-07043]:main():build-tree.cc:143) For pdf-id 31, low count 75
VLOG[1] (build-tree[5.5.971~1-07043]:main():build-tree.cc:143) For pdf-id 32, low count 32
VLOG[1] (build-tree[5.5.971~1-07043]:main():build-tree.cc:143) For pdf-id 33, low count 52
VLOG[1] (build-tree[5.5.971~1-07043]:main():build-tree.cc:143) For pdf-id 36, low count 75
VLOG[1] (build-tree[5.5.971~1-07043]:main():build-tree.cc:143) For pdf-id 37, low count 94
VLOG[1] (build-tree[5.5.971~1-07043]:main():build-tree.cc:143) For pdf-id 38, low count 82
VLOG[1] (build-tree[5.5.971~1-07043]:main():build-tree.cc:143) For pdf-id 40, low count 39
VLOG[1] (build-tree[5.5.971~1-07043]:main():build-tree.cc:143) For pdf-id 41, low count 75
VLOG[1] (build-tree[5.5.971~1-07043]:main():build-tree.cc:143) For pdf-id 43, low count 21
VLOG[1] (build-tree[5.5.971~1-07043]:main():build-tree.cc:143) For pdf-id 45, low count 30
VLOG[1] (build-tree[5.5.971~1-07043]:main():build-tree.cc:143) For pdf-id 46, low count 63
VLOG[1] (build-tree[5.5.971~1-07043]:main():build-tree.cc:143) For pdf-id 48, low count 35
VLOG[1] (build-tree[5.5.971~1-07043]:main():build-tree.cc:143) For pdf-id 49, low count 68
VLOG[1] (build-tree[5.5.971~1-07043]:main():build-tree.cc:143) For pdf-id 50, low count 52
VLOG[1] (build-tree[5.5.971~1-07043]:main():build-tree.cc:143) For pdf-id 51, low count 54
VLOG[1] (build-tree[5.5.971~1-07043]:main():build-tree.cc:143) For pdf-id 52, low count 53
VLOG[1] (build-tree[5.5.971~1-07043]:main():build-tree.cc:143) For pdf-id 53, low count 48
VLOG[1] (build-tree[5.5.971~1-07043]:main():build-tree.cc:143) For pdf-id 54, low count 55
WARNING (build-tree[5.5.971~1-07043]:main():build-tree.cc:185) Saw no stats for following phones: 2 3 4 5 6 7 8 9 10 11 12 14 15 16 18 19 20 22 23 24 26 28 29 30 32 33 34 36 37 38 39 40 42 43 46 47 48 50 53 54 55 57 58 59 62 65 66 69 70 72 73 74 75 77 78 79 80 82 83 86 88 89 90 
LOG (build-tree[5.5.971~1-07043]:main():build-tree.cc:189) Wrote tree
# Accounting: time=0 threads=1
# Ended (code 0) at Wed Sep 22 14:39:49 IST 2021, elapsed time 0 seconds
