# gmm-init-model --write-occs=exp/tri1/1.occs exp/tri1/tree exp/tri1/treeacc data/lang/topo exp/tri1/1.mdl 
# Started at Wed Sep 22 14:39:49 IST 2021
#
gmm-init-model --write-occs=exp/tri1/1.occs exp/tri1/tree exp/tri1/treeacc data/lang/topo exp/tri1/1.mdl 
LOG (gmm-init-model[5.5.971~1-07043]:main():gmm-init-model.cc:271) Number of separate statistics is 137
WARNING (gmm-init-model[5.5.971~1-07043]:InitAmGmm():gmm-init-model.cc:55) Tree has pdf-id 1 with no stats; corresponding phone list: 6 7 8 9 10 
WARNING (gmm-init-model[5.5.971~1-07043]:InitAmGmm():gmm-init-model.cc:83) Very small count for state 0: 27; corresponding phone list: 1 2 3 4 5 
WARNING (gmm-init-model[5.5.971~1-07043]:InitAmGmm():gmm-init-model.cc:83) Very small count for state 3: 49; corresponding phone list: 15 16 17 18 
WARNING (gmm-init-model[5.5.971~1-07043]:InitAmGmm():gmm-init-model.cc:83) Very small count for state 5: 28; corresponding phone list: 23 24 25 26 
WARNING (gmm-init-model[5.5.971~1-07043]:InitAmGmm():gmm-init-model.cc:83) Very small count for state 6: 94; corresponding phone list: 27 28 29 30 
WARNING (gmm-init-model[5.5.971~1-07043]:InitAmGmm():gmm-init-model.cc:83) Very small count for state 7: 32; corresponding phone list: 31 32 33 34 
WARNING (gmm-init-model[5.5.971~1-07043]:InitAmGmm():gmm-init-model.cc:83) Very small count for state 8: 76; corresponding phone list: 35 36 37 38 
WARNING (gmm-init-model[5.5.971~1-07043]:InitAmGmm():gmm-init-model.cc:83) Very small count for state 9: 60; corresponding phone list: 39 40 41 42 
WARNING (gmm-init-model[5.5.971~1-07043]:InitAmGmm():gmm-init-model.cc:83) Very small count for state 10: 82; corresponding phone list: 43 44 45 46 
WARNING (gmm-init-model[5.5.971~1-07043]:InitAmGmm():gmm-init-model.cc:83) Very small count for state 11: 53; corresponding phone list: 47 48 49 50 
WARNING (gmm-init-model[5.5.971~1-07043]:InitAmGmm():gmm-init-model.cc:83) Very small count for state 12: 38; corresponding phone list: 51 52 53 54 
WARNING (gmm-init-model[5.5.971~1-07043]:InitAmGmm():gmm-init-model.cc:83) Very small count for state 13: 73; corresponding phone list: 55 56 57 58 
WARNING (gmm-init-model[5.5.971~1-07043]:InitAmGmm():gmm-init-model.cc:83) Very small count for state 14: 85; corresponding phone list: 59 60 61 62 
WARNING (gmm-init-model[5.5.971~1-07043]:InitAmGmm():gmm-init-model.cc:83) Very small count for state 17: 50; corresponding phone list: 71 72 73 74 
WARNING (gmm-init-model[5.5.971~1-07043]:InitAmGmm():gmm-init-model.cc:83) Very small count for state 18: 71; corresponding phone list: 75 76 77 78 
WARNING (gmm-init-model[5.5.971~1-07043]:InitAmGmm():gmm-init-model.cc:83) Very small count for state 19: 35; corresponding phone list: 79 80 81 82 
WARNING (gmm-init-model[5.5.971~1-07043]:InitAmGmm():gmm-init-model.cc:83) Very small count for state 21: 93; corresponding phone list: 87 88 89 90 
WARNING (gmm-init-model[5.5.971~1-07043]:InitAmGmm():gmm-init-model.cc:83) Very small count for state 22: 59; corresponding phone list: 31 32 33 34 
WARNING (gmm-init-model[5.5.971~1-07043]:InitAmGmm():gmm-init-model.cc:83) Very small count for state 25: 89; corresponding phone list: 63 64 65 66 
WARNING (gmm-init-model[5.5.971~1-07043]:InitAmGmm():gmm-init-model.cc:83) Very small count for state 26: 40; corresponding phone list: 35 36 37 38 
WARNING (gmm-init-model[5.5.971~1-07043]:InitAmGmm():gmm-init-model.cc:83) Very small count for state 29: 81; corresponding phone list: 27 28 29 30 
WARNING (gmm-init-model[5.5.971~1-07043]:InitAmGmm():gmm-init-model.cc:83) Very small count for state 30: 55; corresponding phone list: 43 44 45 46 
WARNING (gmm-init-model[5.5.971~1-07043]:InitAmGmm():gmm-init-model.cc:83) Very small count for state 31: 75; corresponding phone list: 47 48 49 50 
WARNING (gmm-init-model[5.5.971~1-07043]:InitAmGmm():gmm-init-model.cc:83) Very small count for state 32: 32; corresponding phone list: 71 72 73 74 
WARNING (gmm-init-model[5.5.971~1-07043]:InitAmGmm():gmm-init-model.cc:83) Very small count for state 33: 52; corresponding phone list: 15 16 17 18 
WARNING (gmm-init-model[5.5.971~1-07043]:InitAmGmm():gmm-init-model.cc:83) Very small count for state 36: 75; corresponding phone list: 59 60 61 62 
WARNING (gmm-init-model[5.5.971~1-07043]:InitAmGmm():gmm-init-model.cc:83) Very small count for state 37: 94; corresponding phone list: 19 20 21 22 
WARNING (gmm-init-model[5.5.971~1-07043]:InitAmGmm():gmm-init-model.cc:83) Very small count for state 38: 82; corresponding phone list: 27 28 29 30 
WARNING (gmm-init-model[5.5.971~1-07043]:InitAmGmm():gmm-init-model.cc:83) Very small count for state 40: 39; corresponding phone list: 59 60 61 62 
WARNING (gmm-init-model[5.5.971~1-07043]:InitAmGmm():gmm-init-model.cc:83) Very small count for state 41: 75; corresponding phone list: 39 40 41 42 
WARNING (gmm-init-model[5.5.971~1-07043]:InitAmGmm():gmm-init-model.cc:83) Very small count for state 43: 21; corresponding phone list: 67 68 69 70 
WARNING (gmm-init-model[5.5.971~1-07043]:InitAmGmm():gmm-init-model.cc:83) Very small count for state 45: 30; corresponding phone list: 35 36 37 38 
WARNING (gmm-init-model[5.5.971~1-07043]:InitAmGmm():gmm-init-model.cc:83) Very small count for state 46: 63; corresponding phone list: 43 44 45 46 
WARNING (gmm-init-model[5.5.971~1-07043]:InitAmGmm():gmm-init-model.cc:83) Very small count for state 48: 35; corresponding phone list: 43 44 45 46 
WARNING (gmm-init-model[5.5.971~1-07043]:InitAmGmm():gmm-init-model.cc:83) Very small count for state 49: 68; corresponding phone list: 87 88 89 90 
WARNING (gmm-init-model[5.5.971~1-07043]:InitAmGmm():gmm-init-model.cc:83) Very small count for state 50: 52; corresponding phone list: 47 48 49 50 
WARNING (gmm-init-model[5.5.971~1-07043]:InitAmGmm():gmm-init-model.cc:83) Very small count for state 51: 54; corresponding phone list: 67 68 69 70 
WARNING (gmm-init-model[5.5.971~1-07043]:InitAmGmm():gmm-init-model.cc:83) Very small count for state 52: 53; corresponding phone list: 15 16 17 18 
WARNING (gmm-init-model[5.5.971~1-07043]:InitAmGmm():gmm-init-model.cc:83) Very small count for state 53: 48; corresponding phone list: 71 72 73 74 
WARNING (gmm-init-model[5.5.971~1-07043]:InitAmGmm():gmm-init-model.cc:83) Very small count for state 54: 55; corresponding phone list: 79 80 81 82 
LOG (gmm-init-model[5.5.971~1-07043]:main():gmm-init-model.cc:306) Wrote model.
# Accounting: time=0 threads=1
# Ended (code 0) at Wed Sep 22 14:39:49 IST 2021, elapsed time 0 seconds
