# gmm-est --write-occs=exp/mono/11.occs --mix-up=349 --power=0.25 exp/mono/10.mdl "gmm-sum-accs - exp/mono/10.*.acc|" exp/mono/11.mdl 
# Started at Wed Sep 22 14:39:39 IST 2021
#
gmm-est --write-occs=exp/mono/11.occs --mix-up=349 --power=0.25 exp/mono/10.mdl 'gmm-sum-accs - exp/mono/10.*.acc|' exp/mono/11.mdl 
gmm-sum-accs - exp/mono/10.1.acc 
LOG (gmm-sum-accs[5.5.971~1-07043]:main():gmm-sum-accs.cc:63) Summed 1 stats, total count 4447, avg like/frame -86.6222
LOG (gmm-sum-accs[5.5.971~1-07043]:main():gmm-sum-accs.cc:66) Total count of stats is 4447
LOG (gmm-sum-accs[5.5.971~1-07043]:main():gmm-sum-accs.cc:67) Written stats to -
LOG (gmm-est[5.5.971~1-07043]:MleUpdate():transition-model.cc:528) TransitionModel::Update, objf change is 4.30816e-05 per frame over 4447 frames. 
LOG (gmm-est[5.5.971~1-07043]:MleUpdate():transition-model.cc:531) 14 probabilities floored, 207 out of 290 transition-states skipped due to insuffient data (it is normal to have some skipped.)
LOG (gmm-est[5.5.971~1-07043]:main():gmm-est.cc:102) Transition model update: Overall 4.30816e-05 log-like improvement per frame over 4447 frames.
WARNING (gmm-est[5.5.971~1-07043]:MleDiagGmmUpdate():mle-diag-gmm.cc:365) Gaussian has too little data but not removing it because it is the last Gaussian: i = 0, occ = 0, weight = 1
WARNING (gmm-est[5.5.971~1-07043]:MleDiagGmmUpdate():mle-diag-gmm.cc:365) Gaussian has too little data but not removing it because it is the last Gaussian: i = 0, occ = 0, weight = 1
WARNING (gmm-est[5.5.971~1-07043]:MleDiagGmmUpdate():mle-diag-gmm.cc:365) Gaussian has too little data but not removing it because it is the last Gaussian: i = 0, occ = 0, weight = 1
WARNING (gmm-est[5.5.971~1-07043]:MleDiagGmmUpdate():mle-diag-gmm.cc:365) Gaussian has too little data but not removing it because it is the last Gaussian: i = 0, occ = 0, weight = 1
WARNING (gmm-est[5.5.971~1-07043]:MleDiagGmmUpdate():mle-diag-gmm.cc:365) Gaussian has too little data but not removing it because it is the last Gaussian: i = 0, occ = 0, weight = 1
LOG (gmm-est[5.5.971~1-07043]:MleAmDiagGmmUpdate():mle-am-diag-gmm.cc:225) 0 variance elements floored in 0 Gaussians, out of 195
LOG (gmm-est[5.5.971~1-07043]:MleAmDiagGmmUpdate():mle-am-diag-gmm.cc:229) Removed 0 Gaussians due to counts < --min-gaussian-occupancy=10 and --remove-low-count-gaussians=true
LOG (gmm-est[5.5.971~1-07043]:main():gmm-est.cc:113) GMM update: Overall 0.19248 objective function improvement per frame over 4447 frames
LOG (gmm-est[5.5.971~1-07043]:main():gmm-est.cc:116) GMM update: Overall avg like per frame = -86.6222 over 4447 frames.
WARNING (gmm-est[5.5.971~1-07043]:GetSplitTargets():model-common.cc:134) Could not split up to 349 due to min-count = 20 (or no counts at all)

LOG (gmm-est[5.5.971~1-07043]:SplitByCount():am-diag-gmm.cc:116) Split 70 states with target = 349, power = 0.25, perturb_factor = 0.01 and min_count = 20, split #Gauss from 195 to 196
LOG (gmm-est[5.5.971~1-07043]:main():gmm-est.cc:146) Written model to exp/mono/11.mdl
# Accounting: time=0 threads=1
# Ended (code 0) at Wed Sep 22 14:39:39 IST 2021, elapsed time 0 seconds
