# gmm-est --write-occs=exp/mono/3.occs --mix-up=101 --power=0.25 exp/mono/2.mdl "gmm-sum-accs - exp/mono/2.*.acc|" exp/mono/3.mdl 
# Started at Wed Sep 22 14:39:36 IST 2021
#
gmm-est --write-occs=exp/mono/3.occs --mix-up=101 --power=0.25 exp/mono/2.mdl 'gmm-sum-accs - exp/mono/2.*.acc|' exp/mono/3.mdl 
gmm-sum-accs - exp/mono/2.1.acc 
LOG (gmm-sum-accs[5.5.971~1-07043]:main():gmm-sum-accs.cc:63) Summed 1 stats, total count 4447, avg like/frame -93.2916
LOG (gmm-sum-accs[5.5.971~1-07043]:main():gmm-sum-accs.cc:66) Total count of stats is 4447
LOG (gmm-sum-accs[5.5.971~1-07043]:main():gmm-sum-accs.cc:67) Written stats to -
LOG (gmm-est[5.5.971~1-07043]:MleUpdate():transition-model.cc:528) TransitionModel::Update, objf change is 0.0102743 per frame over 4447 frames. 
LOG (gmm-est[5.5.971~1-07043]:MleUpdate():transition-model.cc:531) 12 probabilities floored, 207 out of 290 transition-states skipped due to insuffient data (it is normal to have some skipped.)
LOG (gmm-est[5.5.971~1-07043]:main():gmm-est.cc:102) Transition model update: Overall 0.0102743 log-like improvement per frame over 4447 frames.
WARNING (gmm-est[5.5.971~1-07043]:MleDiagGmmUpdate():mle-diag-gmm.cc:365) Gaussian has too little data but not removing it because it is the last Gaussian: i = 0, occ = 0, weight = 1
WARNING (gmm-est[5.5.971~1-07043]:MleDiagGmmUpdate():mle-diag-gmm.cc:365) Gaussian has too little data but not removing it because it is the last Gaussian: i = 0, occ = 0, weight = 1
WARNING (gmm-est[5.5.971~1-07043]:MleDiagGmmUpdate():mle-diag-gmm.cc:365) Gaussian has too little data but not removing it because it is the last Gaussian: i = 0, occ = 0, weight = 1
WARNING (gmm-est[5.5.971~1-07043]:MleDiagGmmUpdate():mle-diag-gmm.cc:365) Gaussian has too little data but not removing it because it is the last Gaussian: i = 0, occ = 0, weight = 1
WARNING (gmm-est[5.5.971~1-07043]:MleDiagGmmUpdate():mle-diag-gmm.cc:365) Gaussian has too little data but not removing it because it is the last Gaussian: i = 0, occ = 0, weight = 1
LOG (gmm-est[5.5.971~1-07043]:MleAmDiagGmmUpdate():mle-am-diag-gmm.cc:225) 0 variance elements floored in 0 Gaussians, out of 70
LOG (gmm-est[5.5.971~1-07043]:MleAmDiagGmmUpdate():mle-am-diag-gmm.cc:229) Removed 0 Gaussians due to counts < --min-gaussian-occupancy=10 and --remove-low-count-gaussians=true
LOG (gmm-est[5.5.971~1-07043]:main():gmm-est.cc:113) GMM update: Overall 0.675914 objective function improvement per frame over 4447 frames
LOG (gmm-est[5.5.971~1-07043]:main():gmm-est.cc:116) GMM update: Overall avg like per frame = -93.2916 over 4447 frames.
LOG (gmm-est[5.5.971~1-07043]:SplitByCount():am-diag-gmm.cc:116) Split 70 states with target = 101, power = 0.25, perturb_factor = 0.01 and min_count = 20, split #Gauss from 70 to 101
LOG (gmm-est[5.5.971~1-07043]:main():gmm-est.cc:146) Written model to exp/mono/3.mdl
# Accounting: time=0 threads=1
# Ended (code 0) at Wed Sep 22 14:39:36 IST 2021, elapsed time 0 seconds
